<?xml version="1.0" encoding="UTF-8"?>
<!-- Generated by org.testng.reporters.JUnitReportReporter -->
<testsuite hostname="DESKTOP-DTKTLTA" failures="0" tests="1" name="rahulshettyacademy.ExtentReports.ExtentReportDemo" time="17.955" errors="0" timestamp="2023-08-04T14:01:10 IST" skipped="0">
  <testcase classname="rahulshettyacademy.ExtentReports.ExtentReportDemo" name="InitialDemo" time="17.955"/>
</testsuite> <!-- rahulshettyacademy.ExtentReports.ExtentReportDemo -->
